INFO [2018-01-12 12:06:47] [[1]]
INFO [2018-01-12 12:06:47] list(`RNA-Seq parental genotypes matching` = parentalOK, `fitTetra parental genotypes matching` = ftOK, 
INFO [2018-01-12 12:06:47]     `all called SNPs` = rownames(expectedGeno))
INFO [2018-01-12 12:06:47] 
INFO [2018-01-12 12:06:47] $filename
INFO [2018-01-12 12:06:47] [1] "parentals.png"
INFO [2018-01-12 12:06:47] 
INFO [2018-01-12 12:06:47] $fill
INFO [2018-01-12 12:06:47] viridis(7)[c(1, 4, 7)]
INFO [2018-01-12 12:06:47] 
INFO [2018-01-12 12:06:47] $alpha
INFO [2018-01-12 12:06:47] c(0.5, 0.5, 0.5)
INFO [2018-01-12 12:06:47] 
INFO [2018-01-12 12:06:47] $cex
INFO [2018-01-12 12:06:47] [1] 2
INFO [2018-01-12 12:06:47] 
INFO [2018-01-12 12:06:47] $cat.fontface
INFO [2018-01-12 12:06:47] [1] 4
INFO [2018-01-12 12:06:47] 
INFO [2018-01-12 12:06:47] $lty
INFO [2018-01-12 12:06:47] [1] 2
INFO [2018-01-12 12:06:47] 
